Flutter crash report.
Please report a bug at https://github.com/flutter/flutter/issues.

## command

flutter create tabs

## exception

ProcessException: ProcessException: Process exited abnormally with exit code -6:
2024-09-09 18:20:57.510 xcodebuild[17767:630956] [MT] DVTPlugInLoading: Failed to load code for plug-in com.apple.dt.IDESimulatorAvailability (/Applications/Xcode.app/Contents/PlugIns/IDESimulatorAvailability.ideplugin), error = Error Domain=NSCocoaErrorDomain Code=3588 "dlopen(/Applications/Xcode.app/Contents/PlugIns/IDESimulatorAvailability.ideplugin/Contents/MacOS/IDESimulatorAvailability, 0x0109): Library not loaded: /Library/Developer/PrivateFrameworks/CoreSimulator.framework/Versions/A/CoreSimulator
  Referenced from: <13742E24-AA94-3DB0-B362-2FC4156AE071> /Applications/Xcode.app/Contents/PlugIns/IDESimulatorAvailability.ideplugin/Contents/MacOS/IDESimulatorAvailability
  Reason: tried: '/Library/Developer/PrivateFrameworks/CoreSimulator.framework/Versions/A/CoreSimulator' (no such file), '/System/Volumes/Preboot/Cryptexes/OS/Library/Developer/PrivateFrameworks/CoreSimulator.framework/Versions/A/CoreSimulator' (no such file), '/Library/Developer/PrivateFrameworks/CoreSimulator.framework/Versions/A/CoreSimulator' (no such file)" UserInfo={NSLocalizedFailureReason=The bundle couldn’t be loaded., NSLocalizedRecoverySuggestion=Try reinstalling the bundle., NSFilePath=/Applications/Xcode.app/Contents/PlugIns/IDESimulatorAvailability.ideplugin/Contents/MacOS/IDESimulatorAvailability, NSDebugDescription=dlopen(/Applications/Xcode.app/Contents/PlugIns/IDESimulatorAvailability.ideplugin/Contents/MacOS/IDESimulatorAvailability, 0x0109): Library not loaded: /Library/Developer/PrivateFrameworks/CoreSimulator.framework/Versions/A/CoreSimulator
  Referenced from: <13742E24-AA94-3DB0-B362-2FC4156AE071> /Applications/Xcode.app/Contents/PlugIns/IDESimulatorAvailability.ideplugin/Contents/MacOS/IDESimulatorAvailability
  Reason: tried: '/Library/Developer/PrivateFrameworks/CoreSimulator.framework/Versions/A/CoreSimulator' (no such file), '/System/Volumes/Preboot/Cryptexes/OS/Library/Developer/PrivateFrameworks/CoreSimulator.framework/Versions/A/CoreSimulator' (no such file), '/Library/Developer/PrivateFrameworks/CoreSimulator.framework/Versions/A/CoreSimulator' (no such file), NSBundlePath=/Applications/Xcode.app/Contents/PlugIns/IDESimulatorAvailability.ideplugin, NSLocalizedDescription=The bundle “IDESimulatorAvailability” couldn’t be loaded.}, dyldError = dlopen(/Applications/Xcode.app/Contents/PlugIns/IDESimulatorAvailability.ideplugin/Contents/MacOS/IDESimulatorAvailability, 0x0000): Library not loaded: /Library/Developer/PrivateFrameworks/CoreSimulator.framework/Versions/A/CoreSimulator
  Referenced from: <13742E24-AA94-3DB0-B362-2FC4156AE071> /Applications/Xcode.app/Contents/PlugIns/IDESimulatorAvailability.ideplugin/Contents/MacOS/IDESimulatorAvailability
  Reason: tried: '/Library/Developer/PrivateFrameworks/CoreSimulator.framework/Versions/A/CoreSimulator' (no such file), '/System/Volumes/Preboot/Cryptexes/OS/Library/Developer/PrivateFrameworks/CoreSimulator.framework/Versions/A/CoreSimulator' (no such file), '/Library/Developer/PrivateFrameworks/CoreSimulator.framework/Versions/A/CoreSimulator' (no such file)

A required plugin failed to load. Please ensure system content is up-to-date — try running 'xcodebuild -runFirstLaunch'.
  Command: /usr/bin/arch -arm64e xcrun xcodebuild -list

```
#0      RunResult.throwException (package:flutter_tools/src/base/process.dart:122:5)
#1      _DefaultProcessUtils.run (package:flutter_tools/src/base/process.dart:370:19)
<asynchronous suspension>
#2      XcodeProjectInterpreter.getInfo (package:flutter_tools/src/ios/xcodeproj.dart:342:30)
<asynchronous suspension>
#3      XcodeBasedProject.projectInfo (package:flutter_tools/src/xcode_project.dart:155:29)
<asynchronous suspension>
#4      IosProject.productBundleIdentifier (package:flutter_tools/src/xcode_project.dart:293:36)
<asynchronous suspension>
#5      FlutterProject.organizationNames (package:flutter_tools/src/project.dart:150:42)
<asynchronous suspension>
#6      CreateBase.getOrganization (package:flutter_tools/src/commands/create_base.dart:258:49)
<asynchronous suspension>
#7      CreateCommand.runCommand (package:flutter_tools/src/commands/create.dart:263:33)
<asynchronous suspension>
#8      FlutterCommand.run.<anonymous closure> (package:flutter_tools/src/runner/flutter_command.dart:1408:27)
<asynchronous suspension>
#9      AppContext.run.<anonymous closure> (package:flutter_tools/src/base/context.dart:153:19)
<asynchronous suspension>
#10     CommandRunner.runCommand (package:args/command_runner.dart:212:13)
<asynchronous suspension>
#11     FlutterCommandRunner.runCommand.<anonymous closure> (package:flutter_tools/src/runner/flutter_command_runner.dart:420:9)
<asynchronous suspension>
#12     AppContext.run.<anonymous closure> (package:flutter_tools/src/base/context.dart:153:19)
<asynchronous suspension>
#13     FlutterCommandRunner.runCommand (package:flutter_tools/src/runner/flutter_command_runner.dart:364:5)
<asynchronous suspension>
#14     run.<anonymous closure>.<anonymous closure> (package:flutter_tools/runner.dart:130:9)
<asynchronous suspension>
#15     AppContext.run.<anonymous closure> (package:flutter_tools/src/base/context.dart:153:19)
<asynchronous suspension>
#16     main (package:flutter_tools/executable.dart:93:3)
<asynchronous suspension>
```

## flutter doctor

```
[32m[✓][39m Flutter (Channel stable, 3.24.2, on macOS 14.6.1 23G93 darwin-arm64, locale en-US)
    [32m•[39m Flutter version 3.24.2 on channel stable at /Users/leilani/Applications/flutter
    [32m•[39m Upstream repository https://github.com/flutter/flutter.git
    [32m•[39m Framework revision 4cf269e36d (6 days ago), 2024-09-03 14:30:00 -0700
    [32m•[39m Engine revision a6bd3f1de1
    [32m•[39m Dart version 3.5.2
    [32m•[39m DevTools version 2.37.2

[33m[!][39m Android toolchain - develop for Android devices (Android SDK version 35.0.0)
    [32m•[39m Android SDK at /Users/leilani/Library/Android/sdk
    [31m✗[39m cmdline-tools component is missing
      Run `path/to/sdkmanager --install "cmdline-tools;latest"`
      See https://developer.android.com/studio/command-line for more details.
    [31m✗[39m Android license status unknown.
      Run `flutter doctor --android-licenses` to accept the SDK licenses.
      See https://flutter.dev/to/macos-android-setup for more details.

[33m[!][39m Xcode - develop for iOS and macOS (Xcode 15.4)
    [32m•[39m Xcode at /Applications/Xcode.app/Contents/Developer
    [32m•[39m Build 15F31d
    [31m✗[39m Unable to get list of installed Simulator runtimes.
    [31m✗[39m CocoaPods not installed.
        CocoaPods is a package manager for iOS or macOS platform code.
        Without CocoaPods, plugins will not work on iOS or macOS.
        For more info, see https://flutter.dev/to/platform-plugins
      For installation instructions, see https://guides.cocoapods.org/using/getting-started.html#installation

[32m[✓][39m Chrome - develop for the web
    [32m•[39m Chrome at /Applications/Google Chrome.app/Contents/MacOS/Google Chrome

[32m[✓][39m Android Studio (version 2024.1)
    [32m•[39m Android Studio at /Applications/Android Studio.app/Contents
    [32m•[39m Flutter plugin can be installed from:
      🔨 https://plugins.jetbrains.com/plugin/9212-flutter
    [32m•[39m Dart plugin can be installed from:
      🔨 https://plugins.jetbrains.com/plugin/6351-dart
    [32m•[39m Java version OpenJDK Runtime Environment (build 17.0.11+0-17.0.11b1207.24-11852314)

[32m[✓][39m VS Code (version 1.93.0)
    [32m•[39m VS Code at /Users/leilani/Applications/Visual Studio Code.app/Contents
    [32m•[39m Flutter extension version 3.96.0

[32m[✓][39m VS Code (version 1.92.2)
    [32m•[39m VS Code at /Applications/Visual Studio Code 2.app/Contents
    [32m•[39m Flutter extension version 3.96.0

[32m[✓][39m Connected device (3 available)
    [32m•[39m macOS (desktop)                 • macos                 • darwin-arm64   • macOS 14.6.1 23G93 darwin-arm64
    [32m•[39m Mac Designed for iPad (desktop) • mac-designed-for-ipad • darwin         • macOS 14.6.1 23G93 darwin-arm64
    [32m•[39m Chrome (web)                    • chrome                • web-javascript • Google Chrome 128.0.6613.120

[32m[✓][39m Network resources
    [32m•[39m All expected network resources are available.

[33m![39m Doctor found issues in 2 categories.
```
